<?xml version="1.0" encoding="UTF-8"?>
<!-- Generated by org.testng.reporters.JUnitReportReporter -->
<testsuite skipped="0" hostname="DESKTOP-03VALH1" name="TestNG.TestNgbasics1" tests="1" failures="0" timestamp="2020-05-11T11:18:18 BST" time="10.951" errors="0">
  <testcase name="Titletest" time="10.951" classname="TestNG.TestNgbasics1"/>
  <system-out/>
</testsuite> <!-- TestNG.TestNgbasics1 -->
